<?xml version="1.0" encoding="UTF-8"?>
<testsuite xmlns:xsi="http://www.w3.org/2001/XMLSchema-instance" xsi:noNamespaceSchemaLocation="https://maven.apache.org/surefire/maven-surefire-plugin/xsd/surefire-test-report-3.0.xsd" version="3.0" name="test.CategoriaTest" time="0.982" tests="5" errors="0" skipped="0" failures="0">
  <properties>
[...]
</properties>
  <testcase name="testActualizar" classname="test.CategoriaTest" time="0.915">
    <system-out><![CDATA[Conexion establecida!
2024-11-02 12:25:53 [main] INFO  c.p.c.dao.impl.CategoriaDAOImpl [CategoriaDAOImpl.java:99] - Método: Actualizar, Parámetros: {
  "idCateg" : 100,
  "nombreCateg" : "Postres",
  "estado" : 1
}
2024-11-02 12:25:54 [main] INFO  c.p.c.dao.impl.CategoriaDAOImpl [CategoriaDAOImpl.java:101] - Método: Actualizar, Categoria actualizada: false
]]></system-out>
  </testcase>
  <testcase name="testBuscarPorId" classname="test.CategoriaTest" time="0.016">
    <system-out><![CDATA[2024-11-02 12:25:54 [main] INFO  c.p.c.dao.impl.CategoriaDAOImpl [CategoriaDAOImpl.java:54] - Método: BuscarPorId, Parámetros: [id_categ: 3]
2024-11-02 12:25:54 [main] INFO  c.p.c.dao.impl.CategoriaDAOImpl [CategoriaDAOImpl.java:62] - Método: BuscarPorId, Response: {
  "idCateg" : 3,
  "nombreCateg" : "Embutidos",
  "estado" : 1
}
]]></system-out>
  </testcase>
  <testcase name="testEliminar" classname="test.CategoriaTest" time="0.005">
    <system-out><![CDATA[2024-11-02 12:25:54 [main] INFO  c.p.c.dao.impl.CategoriaDAOImpl [CategoriaDAOImpl.java:117] - Método: Eliminar, Parámetros: [id_categ: 100]
2024-11-02 12:25:54 [main] INFO  c.p.c.dao.impl.CategoriaDAOImpl [CategoriaDAOImpl.java:121] - Método: Eliminar, Categoria eliminado con id: 100 => false
]]></system-out>
  </testcase>
  <testcase name="testExisteCategoria" classname="test.CategoriaTest" time="0.005">
    <system-out><![CDATA[2024-11-02 12:25:54 [main] INFO  c.p.c.dao.impl.CategoriaDAOImpl [CategoriaDAOImpl.java:141] - Método: ExisteCategoria, Parámetros: [nombre: Carnes Rojas, id: 0]
2024-11-02 12:25:54 [main] INFO  c.p.c.dao.impl.CategoriaDAOImpl [CategoriaDAOImpl.java:147] - Método: ExisteCategoria, Response: 1
]]></system-out>
  </testcase>
  <testcase name="testListarTodos" classname="test.CategoriaTest" time="0.009">
    <system-out><![CDATA[2024-11-02 12:25:54 [main] INFO  c.p.c.dao.impl.CategoriaDAOImpl [CategoriaDAOImpl.java:39] - Método: ListarTodos, Response: [ {
  "idCateg" : 1,
  "nombreCateg" : "Carnes Rojas",
  "estado" : 1
}, {
  "idCateg" : 2,
  "nombreCateg" : "Aves",
  "estado" : 1
}, {
  "idCateg" : 3,
  "nombreCateg" : "Embutidos",
  "estado" : 1
}, {
  "idCateg" : 4,
  "nombreCateg" : "Guarniciones",
  "estado" : 1
}, {
  "idCateg" : 5,
  "nombreCateg" : "Salsas y Aderezos",
  "estado" : 1
} ]
]]></system-out>
  </testcase>
</testsuite>